Building DAG of jobs...
Using shell: /bin/bash
Provided cores: 2
Rules claiming more threads will be scaled down.
Job stats:
job             count    min threads    max threads
------------  -------  -------------  -------------
all                 1              1              1
data_prepare       16              1              1
fit_model          16              1              1
total              33              1              1

Select jobs to execute...

[Tue Nov  1 13:14:50 2022]
Job 28: 
        Preparing adata
        wildcards: experiment=SELEX,gene_names=ELF4
        parameters: conda run -n multibind python ELF4 annotations ['5000']
        output: /Users/egeerdogan/Desktop/theislab/multibind/output/snakemake/SELEX/ELF4/queries.tsv
        
Reason: Missing output files: /Users/egeerdogan/Desktop/theislab/multibind/output/snakemake/SELEX/ELF4/queries.tsv


[Tue Nov  1 13:14:51 2022]
Job 30: 
        Preparing adata
        wildcards: experiment=SELEX,gene_names=ETS1
        parameters: conda run -n multibind python ETS1 annotations ['5000']
        output: /Users/egeerdogan/Desktop/theislab/multibind/output/snakemake/SELEX/ETS1/queries.tsv
        
Reason: Missing output files: /Users/egeerdogan/Desktop/theislab/multibind/output/snakemake/SELEX/ETS1/queries.tsv

[Tue Nov  1 13:14:54 2022]
Finished job 28.
1 of 33 steps (3%) done
Select jobs to execute...

[Tue Nov  1 13:14:54 2022]
Job 32: 
        Preparing adata
        wildcards: experiment=SELEX,gene_names=EGR1
        parameters: conda run -n multibind python EGR1 annotations ['5000']
        output: /Users/egeerdogan/Desktop/theislab/multibind/output/snakemake/SELEX/EGR1/queries.tsv
        
Reason: Missing output files: /Users/egeerdogan/Desktop/theislab/multibind/output/snakemake/SELEX/EGR1/queries.tsv

[Tue Nov  1 13:15:22 2022]
Finished job 30.
2 of 33 steps (6%) done
Select jobs to execute...

[Tue Nov  1 13:15:22 2022]
Job 4: 
        Preparing adata
        wildcards: experiment=SELEX,gene_names=ELK3
        parameters: conda run -n multibind python ELK3 annotations ['5000']
        output: /Users/egeerdogan/Desktop/theislab/multibind/output/snakemake/SELEX/ELK3/queries.tsv
        
Reason: Missing output files: /Users/egeerdogan/Desktop/theislab/multibind/output/snakemake/SELEX/ELK3/queries.tsv

[Tue Nov  1 13:15:26 2022]
Finished job 4.
3 of 33 steps (9%) done
Select jobs to execute...

[Tue Nov  1 13:15:26 2022]
Job 6: 
        Preparing adata
        wildcards: experiment=SELEX,gene_names=ETV5
        parameters: conda run -n multibind python ETV5 annotations ['5000']
        output: /Users/egeerdogan/Desktop/theislab/multibind/output/snakemake/SELEX/ETV5/queries.tsv
        
Reason: Missing output files: /Users/egeerdogan/Desktop/theislab/multibind/output/snakemake/SELEX/ETV5/queries.tsv

[Tue Nov  1 13:15:29 2022]
Finished job 6.
4 of 33 steps (12%) done
Select jobs to execute...

[Tue Nov  1 13:15:29 2022]
Job 8: 
        Preparing adata
        wildcards: experiment=SELEX,gene_names=ALX4
        parameters: conda run -n multibind python ALX4 annotations ['5000']
        output: /Users/egeerdogan/Desktop/theislab/multibind/output/snakemake/SELEX/ALX4/queries.tsv
        
Reason: Missing output files: /Users/egeerdogan/Desktop/theislab/multibind/output/snakemake/SELEX/ALX4/queries.tsv

[Tue Nov  1 13:15:36 2022]
Finished job 32.
5 of 33 steps (15%) done
Select jobs to execute...

[Tue Nov  1 13:15:36 2022]
Job 10: 
        Preparing adata
        wildcards: experiment=SELEX,gene_names=ELF2
        parameters: conda run -n multibind python ELF2 annotations ['5000']
        output: /Users/egeerdogan/Desktop/theislab/multibind/output/snakemake/SELEX/ELF2/queries.tsv
        
Reason: Missing output files: /Users/egeerdogan/Desktop/theislab/multibind/output/snakemake/SELEX/ELF2/queries.tsv

[Tue Nov  1 13:15:39 2022]
Finished job 10.
6 of 33 steps (18%) done
Select jobs to execute...

[Tue Nov  1 13:15:39 2022]
Job 12: 
        Preparing adata
        wildcards: experiment=SELEX,gene_names=ELF3
        parameters: conda run -n multibind python ELF3 annotations ['5000']
        output: /Users/egeerdogan/Desktop/theislab/multibind/output/snakemake/SELEX/ELF3/queries.tsv
        
Reason: Missing output files: /Users/egeerdogan/Desktop/theislab/multibind/output/snakemake/SELEX/ELF3/queries.tsv

[Tue Nov  1 13:15:41 2022]
Finished job 12.
7 of 33 steps (21%) done
Select jobs to execute...

[Tue Nov  1 13:15:41 2022]
Job 14: 
        Preparing adata
        wildcards: experiment=SELEX,gene_names=GATA4
        parameters: conda run -n multibind python GATA4 annotations ['5000']
        output: /Users/egeerdogan/Desktop/theislab/multibind/output/snakemake/SELEX/GATA4/queries.tsv
        
Reason: Missing output files: /Users/egeerdogan/Desktop/theislab/multibind/output/snakemake/SELEX/GATA4/queries.tsv

[Tue Nov  1 13:15:45 2022]
Finished job 14.
8 of 33 steps (24%) done
Select jobs to execute...

[Tue Nov  1 13:15:45 2022]
Job 16: 
        Preparing adata
        wildcards: experiment=SELEX,gene_names=TBX5
        parameters: conda run -n multibind python TBX5 annotations ['5000']
        output: /Users/egeerdogan/Desktop/theislab/multibind/output/snakemake/SELEX/TBX5/queries.tsv
        
Reason: Missing output files: /Users/egeerdogan/Desktop/theislab/multibind/output/snakemake/SELEX/TBX5/queries.tsv

[Tue Nov  1 13:15:48 2022]
Finished job 16.
9 of 33 steps (27%) done
Select jobs to execute...

[Tue Nov  1 13:15:48 2022]
Job 18: 
        Preparing adata
        wildcards: experiment=SELEX,gene_names=ALX1
        parameters: conda run -n multibind python ALX1 annotations ['5000']
        output: /Users/egeerdogan/Desktop/theislab/multibind/output/snakemake/SELEX/ALX1/queries.tsv
        
Reason: Missing output files: /Users/egeerdogan/Desktop/theislab/multibind/output/snakemake/SELEX/ALX1/queries.tsv

[Tue Nov  1 13:15:49 2022]
Finished job 8.
10 of 33 steps (30%) done
Select jobs to execute...

[Tue Nov  1 13:15:49 2022]
Job 2: 
        Preparing adata
        wildcards: experiment=SELEX,gene_names=FOXA1
        parameters: conda run -n multibind python FOXA1 annotations ['5000']
        output: /Users/egeerdogan/Desktop/theislab/multibind/output/snakemake/SELEX/FOXA1/queries.tsv
        
Reason: Missing output files: /Users/egeerdogan/Desktop/theislab/multibind/output/snakemake/SELEX/FOXA1/queries.tsv

[Tue Nov  1 13:15:57 2022]
Finished job 18.
11 of 33 steps (33%) done
Select jobs to execute...

[Tue Nov  1 13:15:57 2022]
Job 20: 
        Preparing adata
        wildcards: experiment=SELEX,gene_names=ETV4
        parameters: conda run -n multibind python ETV4 annotations ['5000']
        output: /Users/egeerdogan/Desktop/theislab/multibind/output/snakemake/SELEX/ETV4/queries.tsv
        
Reason: Missing output files: /Users/egeerdogan/Desktop/theislab/multibind/output/snakemake/SELEX/ETV4/queries.tsv

[Tue Nov  1 13:15:59 2022]
Finished job 20.
12 of 33 steps (36%) done
Select jobs to execute...

[Tue Nov  1 13:15:59 2022]
Job 22: 
        Preparing adata
        wildcards: experiment=SELEX,gene_names=ETV6
        parameters: conda run -n multibind python ETV6 annotations ['5000']
        output: /Users/egeerdogan/Desktop/theislab/multibind/output/snakemake/SELEX/ETV6/queries.tsv
        
Reason: Missing output files: /Users/egeerdogan/Desktop/theislab/multibind/output/snakemake/SELEX/ETV6/queries.tsv

[Tue Nov  1 13:16:02 2022]
Finished job 22.
13 of 33 steps (39%) done
Select jobs to execute...

[Tue Nov  1 13:16:02 2022]
Job 24: 
        Preparing adata
        wildcards: experiment=SELEX,gene_names=ELK1
        parameters: conda run -n multibind python ELK1 annotations ['5000']
        output: /Users/egeerdogan/Desktop/theislab/multibind/output/snakemake/SELEX/ELK1/queries.tsv
        
Reason: Missing output files: /Users/egeerdogan/Desktop/theislab/multibind/output/snakemake/SELEX/ELK1/queries.tsv

[Tue Nov  1 13:16:05 2022]
Finished job 24.
14 of 33 steps (42%) done
Select jobs to execute...

[Tue Nov  1 13:16:05 2022]
Job 26: 
        Preparing adata
        wildcards: experiment=SELEX,gene_names=CTCF
        parameters: conda run -n multibind python CTCF annotations ['5000']
        output: /Users/egeerdogan/Desktop/theislab/multibind/output/snakemake/SELEX/CTCF/queries.tsv
        
Reason: Missing output files: /Users/egeerdogan/Desktop/theislab/multibind/output/snakemake/SELEX/CTCF/queries.tsv

[Tue Nov  1 13:16:07 2022]
Finished job 26.
15 of 33 steps (45%) done
Select jobs to execute...

[Tue Nov  1 13:16:07 2022]
Job 31: Merge all metrics
Reason: Missing output files: /Users/egeerdogan/Desktop/theislab/multibind/output/snakemake/SELEX/EGR1/metrics.tsv; Input files updated by another job: /Users/egeerdogan/Desktop/theislab/multibind/output/snakemake/SELEX/EGR1/queries.tsv

[Tue Nov  1 13:16:11 2022]
Finished job 2.
16 of 33 steps (48%) done
Select jobs to execute...

[Tue Nov  1 13:16:11 2022]
Job 1: Merge all metrics
Reason: Missing output files: /Users/egeerdogan/Desktop/theislab/multibind/output/snakemake/SELEX/FOXA1/metrics.tsv; Input files updated by another job: /Users/egeerdogan/Desktop/theislab/multibind/output/snakemake/SELEX/FOXA1/queries.tsv

[Tue Nov  1 13:29:08 2022]
Finished job 1.
17 of 33 steps (52%) done
Select jobs to execute...

[Tue Nov  1 13:29:08 2022]
Job 29: Merge all metrics
Reason: Missing output files: /Users/egeerdogan/Desktop/theislab/multibind/output/snakemake/SELEX/ETS1/metrics.tsv; Input files updated by another job: /Users/egeerdogan/Desktop/theislab/multibind/output/snakemake/SELEX/ETS1/queries.tsv

[Tue Nov  1 13:38:07 2022]
Finished job 31.
18 of 33 steps (55%) done
Select jobs to execute...

[Tue Nov  1 13:38:07 2022]
Job 7: Merge all metrics
Reason: Missing output files: /Users/egeerdogan/Desktop/theislab/multibind/output/snakemake/SELEX/ALX4/metrics.tsv; Input files updated by another job: /Users/egeerdogan/Desktop/theislab/multibind/output/snakemake/SELEX/ALX4/queries.tsv

[Tue Nov  1 13:39:23 2022]
Finished job 29.
19 of 33 steps (58%) done
Select jobs to execute...

[Tue Nov  1 13:39:23 2022]
Job 17: Merge all metrics
Reason: Missing output files: /Users/egeerdogan/Desktop/theislab/multibind/output/snakemake/SELEX/ALX1/metrics.tsv; Input files updated by another job: /Users/egeerdogan/Desktop/theislab/multibind/output/snakemake/SELEX/ALX1/queries.tsv

Terminating processes on user request, this might take some time.
[Tue Nov  1 13:45:49 2022]
[Tue Nov  1 13:45:49 2022]
Error in rule fit_model:
    jobid: 17
    output: /Users/egeerdogan/Desktop/theislab/multibind/output/snakemake/SELEX/ALX1/metrics.tsv
    log: /Users/egeerdogan/Desktop/theislab/multibind/output/snakemake/SELEX/ALX1/fit_model.out.txt (check log file(s) for error message)
    shell:
        
        conda run -n multibind python scripts/fit_model.py -i /Users/egeerdogan/Desktop/theislab/multibind/output/snakemake/SELEX/ALX1/queries.tsv --out_model /Users/egeerdogan/Desktop/theislab/multibind/output/snakemake/SELEX/ALX1/models --out_tsv /Users/egeerdogan/Desktop/theislab/multibind/output/snakemake/SELEX/ALX1/metrics.tsv             --n_epochs 30 1> /Users/egeerdogan/Desktop/theislab/multibind/output/snakemake/SELEX/ALX1/fit_model.out.txt
        
        (one of the commands exited with non-zero exit code; note that snakemake uses bash strict mode!)

Error in rule fit_model:
    jobid: 7
    output: /Users/egeerdogan/Desktop/theislab/multibind/output/snakemake/SELEX/ALX4/metrics.tsv
    log: /Users/egeerdogan/Desktop/theislab/multibind/output/snakemake/SELEX/ALX4/fit_model.out.txt (check log file(s) for error message)
    shell:
        
        conda run -n multibind python scripts/fit_model.py -i /Users/egeerdogan/Desktop/theislab/multibind/output/snakemake/SELEX/ALX4/queries.tsv --out_model /Users/egeerdogan/Desktop/theislab/multibind/output/snakemake/SELEX/ALX4/models --out_tsv /Users/egeerdogan/Desktop/theislab/multibind/output/snakemake/SELEX/ALX4/metrics.tsv             --n_epochs 30 1> /Users/egeerdogan/Desktop/theislab/multibind/output/snakemake/SELEX/ALX4/fit_model.out.txt
        
        (one of the commands exited with non-zero exit code; note that snakemake uses bash strict mode!)

Complete log: .snakemake/log/2022-11-01T131450.556562.snakemake.log
