Building DAG of jobs...
Using shell: /bin/bash
Provided cores: 1 (use --cores to define parallelism)
Rules claiming more threads will be scaled down.
Job stats:
job          count    min threads    max threads
---------  -------  -------------  -------------
all              1              1              1
fit_model        1              1              1
total            2              1              1

Select jobs to execute...

[Fri Oct 28 10:38:58 2022]
Job 1: Merge all metrics
Reason: Missing output files: /Users/egeerdogan/Desktop/theislab/multibind/output/snakemake/SELEX/FOXA1/metrics.tsv

Terminating processes on user request, this might take some time.
[Fri Oct 28 10:39:51 2022]
Error in rule fit_model:
    jobid: 1
    output: /Users/egeerdogan/Desktop/theislab/multibind/output/snakemake/SELEX/FOXA1/metrics.tsv
    log: /Users/egeerdogan/Desktop/theislab/multibind/output/snakemake/SELEX/FOXA1/fit_model.out.txt (check log file(s) for error message)
    shell:
        
        conda run -n multibind python scripts/fit_model.py -i /Users/egeerdogan/Desktop/theislab/multibind/output/snakemake/SELEX/FOXA1/queries.tsv --out_model /Users/egeerdogan/Desktop/theislab/multibind/output/snakemake/SELEX/FOXA1/models --out_tsv /Users/egeerdogan/Desktop/theislab/multibind/output/snakemake/SELEX/FOXA1/metrics.tsv             --n_epochs 5 1> /Users/egeerdogan/Desktop/theislab/multibind/output/snakemake/SELEX/FOXA1/fit_model.out.txt
        
        (one of the commands exited with non-zero exit code; note that snakemake uses bash strict mode!)

Complete log: .snakemake/log/2022-10-28T103858.064665.snakemake.log
