Building DAG of jobs...
Using shell: /bin/bash
Provided cores: 2
Rules claiming more threads will be scaled down.
Job stats:
job             count    min threads    max threads
------------  -------  -------------  -------------
all                 1              1              1
data_prepare        1              1              1
fit_model           1              1              1
total               3              1              1

Select jobs to execute...

[Fri Nov 11 10:56:38 2022]
Job 2: 
        Preparing adata
        wildcards: experiment=SELEX,gene_names=ALX1
        parameters: conda run -n multibind python ALX1 annotations ['100']
        output: /Users/egeerdogan/Desktop/theislab/multibind/output/snakemake/SELEX/ALX1/queries.tsv
        
Reason: Missing output files: /Users/egeerdogan/Desktop/theislab/multibind/output/snakemake/SELEX/ALX1/queries.tsv

[Fri Nov 11 10:56:48 2022]
Finished job 2.
1 of 3 steps (33%) done
Select jobs to execute...

[Fri Nov 11 10:56:48 2022]
Job 1: Merge all metrics
Reason: Missing output files: /Users/egeerdogan/Desktop/theislab/multibind/output/snakemake/SELEX/ALX1/metrics.tsv; Input files updated by another job: /Users/egeerdogan/Desktop/theislab/multibind/output/snakemake/SELEX/ALX1/queries.tsv; Params have changed since last execution

[Fri Nov 11 10:57:06 2022]
Finished job 1.
2 of 3 steps (67%) done
Select jobs to execute...

[Fri Nov 11 10:57:06 2022]
rule all:
    input: /Users/egeerdogan/Desktop/theislab/multibind/output/snakemake/SELEX/ALX1/metrics.tsv, scripts/merge_metrics.py
    output: /Users/egeerdogan/Desktop/theislab/multibind/output/snakemake/results.tsv.gz
    jobid: 0
    reason: Input files updated by another job: /Users/egeerdogan/Desktop/theislab/multibind/output/snakemake/SELEX/ALX1/metrics.tsv
    resources: tmpdir=/var/folders/17/ksjp4vcn2gs552rnysdxktrc0000gn/T

[Fri Nov 11 10:57:09 2022]
Finished job 0.
3 of 3 steps (100%) done
Complete log: .snakemake/log/2022-11-11T105638.324107.snakemake.log
