Building DAG of jobs...
Using shell: /bin/bash
Provided cores: 1 (use --cores to define parallelism)
Rules claiming more threads will be scaled down.
Job stats:
job          count    min threads    max threads
---------  -------  -------------  -------------
all              1              1              1
fit_model        1              1              1
total            2              1              1

Select jobs to execute...

[Fri Oct 28 10:40:37 2022]
Job 1: Merge all metrics
Reason: Missing output files: /Users/egeerdogan/Desktop/theislab/multibind/output/snakemake/SELEX/FOXA1/metrics.tsv

[Fri Oct 28 10:43:09 2022]
Finished job 1.
1 of 2 steps (50%) done
Select jobs to execute...

[Fri Oct 28 10:43:09 2022]
rule all:
    input: /Users/egeerdogan/Desktop/theislab/multibind/output/snakemake/SELEX/FOXA1/metrics.tsv, scripts/merge_metrics.py
    output: /Users/egeerdogan/Desktop/theislab/multibind/output/snakemake/results.tsv.gz
    jobid: 0
    reason: Missing output files: /Users/egeerdogan/Desktop/theislab/multibind/output/snakemake/results.tsv.gz; Input files updated by another job: /Users/egeerdogan/Desktop/theislab/multibind/output/snakemake/SELEX/FOXA1/metrics.tsv
    resources: tmpdir=/var/folders/17/ksjp4vcn2gs552rnysdxktrc0000gn/T

[Fri Oct 28 10:43:12 2022]
Finished job 0.
2 of 2 steps (100%) done
Complete log: .snakemake/log/2022-10-28T104037.216901.snakemake.log
