Building DAG of jobs...
Using shell: /bin/bash
Provided cores: 2
Rules claiming more threads will be scaled down.
Job stats:
job          count    min threads    max threads
---------  -------  -------------  -------------
all              1              1              1
fit_model        1              1              1
total            2              1              1

Select jobs to execute...

[Tue Nov 15 13:31:38 2022]
Job 1: Merge all metrics
Reason: Updated input files: scripts/fit_model.py

[Tue Nov 15 13:31:45 2022]
Finished job 1.
1 of 2 steps (50%) done
Select jobs to execute...

[Tue Nov 15 13:31:45 2022]
rule all:
    input: /Users/egeerdogan/Desktop/theislab/multibind/output/snakemake/SELEX/ALX1/metrics.tsv, scripts/merge_metrics.py
    output: /Users/egeerdogan/Desktop/theislab/multibind/output/snakemake/results.tsv.gz
    jobid: 0
    reason: Input files updated by another job: /Users/egeerdogan/Desktop/theislab/multibind/output/snakemake/SELEX/ALX1/metrics.tsv
    resources: tmpdir=/var/folders/17/ksjp4vcn2gs552rnysdxktrc0000gn/T

[Tue Nov 15 13:31:47 2022]
Finished job 0.
2 of 2 steps (100%) done
Complete log: .snakemake/log/2022-11-15T133138.413192.snakemake.log
