Building DAG of jobs...
Using shell: /bin/bash
Provided cores: 2
Rules claiming more threads will be scaled down.
Job stats:
job          count    min threads    max threads
---------  -------  -------------  -------------
all              1              1              1
fit_model        1              1              1
total            2              1              1

Select jobs to execute...

[Fri Nov 11 10:39:53 2022]
Job 1: Merge all metrics
Reason: Updated input files: scripts/fit_model.py

Terminating processes on user request, this might take some time.
[Fri Nov 11 10:40:00 2022]
Error in rule fit_model:
    jobid: 1
    output: /Users/egeerdogan/Desktop/theislab/multibind/output/snakemake/SELEX/ALX1/metrics.tsv
    log: /Users/egeerdogan/Desktop/theislab/multibind/output/snakemake/SELEX/ALX1/fit_model.out.txt (check log file(s) for error message)
    shell:
        
        conda run -n multibind python scripts/fit_model.py -i /Users/egeerdogan/Desktop/theislab/multibind/output/snakemake/SELEX/ALX1/queries.tsv --out_model /Users/egeerdogan/Desktop/theislab/multibind/output/snakemake/SELEX/ALX1/models --out_tsv /Users/egeerdogan/Desktop/theislab/multibind/output/snakemake/SELEX/ALX1/metrics.tsv             --n_epochs 3 1> /Users/egeerdogan/Desktop/theislab/multibind/output/snakemake/SELEX/ALX1/fit_model.out.txt
        
        (one of the commands exited with non-zero exit code; note that snakemake uses bash strict mode!)

Complete log: .snakemake/log/2022-11-11T103953.456654.snakemake.log
