Building DAG of jobs...
Using shell: /bin/bash
Provided cores: 2
Rules claiming more threads will be scaled down.
Job stats:
job             count    min threads    max threads
------------  -------  -------------  -------------
all                 1              1              1
data_prepare       16              1              1
fit_model          16              1              1
total              33              1              1

Select jobs to execute...

[Thu Nov 10 10:19:26 2022]
Job 28: 
        Preparing adata
        wildcards: experiment=SELEX,gene_names=ELF4
        parameters: conda run -n multibind python ELF4 annotations ['5000']
        output: /Users/egeerdogan/Desktop/theislab/multibind/output/snakemake/SELEX/ELF4/queries.tsv
        
Reason: Missing output files: /Users/egeerdogan/Desktop/theislab/multibind/output/snakemake/SELEX/ELF4/queries.tsv


[Thu Nov 10 10:19:26 2022]
Job 30: 
        Preparing adata
        wildcards: experiment=SELEX,gene_names=ETS1
        parameters: conda run -n multibind python ETS1 annotations ['5000']
        output: /Users/egeerdogan/Desktop/theislab/multibind/output/snakemake/SELEX/ETS1/queries.tsv
        
Reason: Missing output files: /Users/egeerdogan/Desktop/theislab/multibind/output/snakemake/SELEX/ETS1/queries.tsv

[Thu Nov 10 10:19:34 2022]
Finished job 28.
1 of 33 steps (3%) done
Select jobs to execute...

[Thu Nov 10 10:19:34 2022]
Job 32: 
        Preparing adata
        wildcards: experiment=SELEX,gene_names=EGR1
        parameters: conda run -n multibind python EGR1 annotations ['5000']
        output: /Users/egeerdogan/Desktop/theislab/multibind/output/snakemake/SELEX/EGR1/queries.tsv
        
Reason: Missing output files: /Users/egeerdogan/Desktop/theislab/multibind/output/snakemake/SELEX/EGR1/queries.tsv

[Thu Nov 10 10:20:01 2022]
Finished job 30.
2 of 33 steps (6%) done
Select jobs to execute...

[Thu Nov 10 10:20:01 2022]
Job 4: 
        Preparing adata
        wildcards: experiment=SELEX,gene_names=ELK3
        parameters: conda run -n multibind python ELK3 annotations ['5000']
        output: /Users/egeerdogan/Desktop/theislab/multibind/output/snakemake/SELEX/ELK3/queries.tsv
        
Reason: Missing output files: /Users/egeerdogan/Desktop/theislab/multibind/output/snakemake/SELEX/ELK3/queries.tsv

[Thu Nov 10 10:20:05 2022]
Finished job 4.
3 of 33 steps (9%) done
Select jobs to execute...

[Thu Nov 10 10:20:05 2022]
Job 6: 
        Preparing adata
        wildcards: experiment=SELEX,gene_names=ETV5
        parameters: conda run -n multibind python ETV5 annotations ['5000']
        output: /Users/egeerdogan/Desktop/theislab/multibind/output/snakemake/SELEX/ETV5/queries.tsv
        
Reason: Missing output files: /Users/egeerdogan/Desktop/theislab/multibind/output/snakemake/SELEX/ETV5/queries.tsv

[Thu Nov 10 10:20:08 2022]
Finished job 6.
4 of 33 steps (12%) done
Select jobs to execute...

[Thu Nov 10 10:20:08 2022]
Job 8: 
        Preparing adata
        wildcards: experiment=SELEX,gene_names=ALX4
        parameters: conda run -n multibind python ALX4 annotations ['5000']
        output: /Users/egeerdogan/Desktop/theislab/multibind/output/snakemake/SELEX/ALX4/queries.tsv
        
Reason: Missing output files: /Users/egeerdogan/Desktop/theislab/multibind/output/snakemake/SELEX/ALX4/queries.tsv

[Thu Nov 10 10:20:16 2022]
Finished job 32.
5 of 33 steps (15%) done
Select jobs to execute...

[Thu Nov 10 10:20:16 2022]
Job 31: Merge all metrics
Reason: Missing output files: /Users/egeerdogan/Desktop/theislab/multibind/output/snakemake/SELEX/EGR1/metrics.tsv; Input files updated by another job: /Users/egeerdogan/Desktop/theislab/multibind/output/snakemake/SELEX/EGR1/queries.tsv; Params have changed since last execution

[Thu Nov 10 10:20:29 2022]
Finished job 8.
6 of 33 steps (18%) done
Select jobs to execute...

[Thu Nov 10 10:20:29 2022]
Job 10: 
        Preparing adata
        wildcards: experiment=SELEX,gene_names=ELF2
        parameters: conda run -n multibind python ELF2 annotations ['5000']
        output: /Users/egeerdogan/Desktop/theislab/multibind/output/snakemake/SELEX/ELF2/queries.tsv
        
Reason: Missing output files: /Users/egeerdogan/Desktop/theislab/multibind/output/snakemake/SELEX/ELF2/queries.tsv

[Thu Nov 10 10:20:32 2022]
Finished job 10.
7 of 33 steps (21%) done
Select jobs to execute...

[Thu Nov 10 10:20:32 2022]
Job 12: 
        Preparing adata
        wildcards: experiment=SELEX,gene_names=ELF3
        parameters: conda run -n multibind python ELF3 annotations ['5000']
        output: /Users/egeerdogan/Desktop/theislab/multibind/output/snakemake/SELEX/ELF3/queries.tsv
        
Reason: Missing output files: /Users/egeerdogan/Desktop/theislab/multibind/output/snakemake/SELEX/ELF3/queries.tsv

[Thu Nov 10 10:20:36 2022]
Finished job 12.
8 of 33 steps (24%) done
Select jobs to execute...

[Thu Nov 10 10:20:36 2022]
Job 14: 
        Preparing adata
        wildcards: experiment=SELEX,gene_names=GATA4
        parameters: conda run -n multibind python GATA4 annotations ['5000']
        output: /Users/egeerdogan/Desktop/theislab/multibind/output/snakemake/SELEX/GATA4/queries.tsv
        
Reason: Missing output files: /Users/egeerdogan/Desktop/theislab/multibind/output/snakemake/SELEX/GATA4/queries.tsv

[Thu Nov 10 10:20:39 2022]
Finished job 14.
9 of 33 steps (27%) done
Select jobs to execute...

[Thu Nov 10 10:20:39 2022]
Job 16: 
        Preparing adata
        wildcards: experiment=SELEX,gene_names=TBX5
        parameters: conda run -n multibind python TBX5 annotations ['5000']
        output: /Users/egeerdogan/Desktop/theislab/multibind/output/snakemake/SELEX/TBX5/queries.tsv
        
Reason: Missing output files: /Users/egeerdogan/Desktop/theislab/multibind/output/snakemake/SELEX/TBX5/queries.tsv

[Thu Nov 10 10:20:42 2022]
Finished job 16.
10 of 33 steps (30%) done
Select jobs to execute...

[Thu Nov 10 10:20:42 2022]
Job 18: 
        Preparing adata
        wildcards: experiment=SELEX,gene_names=ALX1
        parameters: conda run -n multibind python ALX1 annotations ['5000']
        output: /Users/egeerdogan/Desktop/theislab/multibind/output/snakemake/SELEX/ALX1/queries.tsv
        
Reason: Missing output files: /Users/egeerdogan/Desktop/theislab/multibind/output/snakemake/SELEX/ALX1/queries.tsv

[Thu Nov 10 10:20:52 2022]
Finished job 18.
11 of 33 steps (33%) done
Select jobs to execute...

[Thu Nov 10 10:20:52 2022]
Job 2: 
        Preparing adata
        wildcards: experiment=SELEX,gene_names=FOXA1
        parameters: conda run -n multibind python FOXA1 annotations ['5000']
        output: /Users/egeerdogan/Desktop/theislab/multibind/output/snakemake/SELEX/FOXA1/queries.tsv
        
Reason: Missing output files: /Users/egeerdogan/Desktop/theislab/multibind/output/snakemake/SELEX/FOXA1/queries.tsv

[Thu Nov 10 10:21:16 2022]
Finished job 2.
12 of 33 steps (36%) done
Select jobs to execute...

[Thu Nov 10 10:21:16 2022]
Job 20: 
        Preparing adata
        wildcards: experiment=SELEX,gene_names=ETV4
        parameters: conda run -n multibind python ETV4 annotations ['5000']
        output: /Users/egeerdogan/Desktop/theislab/multibind/output/snakemake/SELEX/ETV4/queries.tsv
        
Reason: Missing output files: /Users/egeerdogan/Desktop/theislab/multibind/output/snakemake/SELEX/ETV4/queries.tsv

[Thu Nov 10 10:21:20 2022]
Finished job 20.
13 of 33 steps (39%) done
Select jobs to execute...

[Thu Nov 10 10:21:20 2022]
Job 22: 
        Preparing adata
        wildcards: experiment=SELEX,gene_names=ETV6
        parameters: conda run -n multibind python ETV6 annotations ['5000']
        output: /Users/egeerdogan/Desktop/theislab/multibind/output/snakemake/SELEX/ETV6/queries.tsv
        
Reason: Missing output files: /Users/egeerdogan/Desktop/theislab/multibind/output/snakemake/SELEX/ETV6/queries.tsv

[Thu Nov 10 10:21:23 2022]
Finished job 22.
14 of 33 steps (42%) done
Select jobs to execute...

[Thu Nov 10 10:21:23 2022]
Job 24: 
        Preparing adata
        wildcards: experiment=SELEX,gene_names=ELK1
        parameters: conda run -n multibind python ELK1 annotations ['5000']
        output: /Users/egeerdogan/Desktop/theislab/multibind/output/snakemake/SELEX/ELK1/queries.tsv
        
Reason: Missing output files: /Users/egeerdogan/Desktop/theislab/multibind/output/snakemake/SELEX/ELK1/queries.tsv

[Thu Nov 10 10:21:26 2022]
Finished job 24.
15 of 33 steps (45%) done
Select jobs to execute...

[Thu Nov 10 10:21:26 2022]
Job 26: 
        Preparing adata
        wildcards: experiment=SELEX,gene_names=CTCF
        parameters: conda run -n multibind python CTCF annotations ['5000']
        output: /Users/egeerdogan/Desktop/theislab/multibind/output/snakemake/SELEX/CTCF/queries.tsv
        
Reason: Missing output files: /Users/egeerdogan/Desktop/theislab/multibind/output/snakemake/SELEX/CTCF/queries.tsv

[Thu Nov 10 10:21:28 2022]
Finished job 26.
16 of 33 steps (48%) done
Select jobs to execute...

[Thu Nov 10 10:21:28 2022]
Job 1: Merge all metrics
Reason: Missing output files: /Users/egeerdogan/Desktop/theislab/multibind/output/snakemake/SELEX/FOXA1/metrics.tsv; Input files updated by another job: /Users/egeerdogan/Desktop/theislab/multibind/output/snakemake/SELEX/FOXA1/queries.tsv; Params have changed since last execution

Terminating processes on user request, this might take some time.
Cancelling snakemake on user request.
