Building DAG of jobs...
Using shell: /bin/bash
Provided cores: 2
Rules claiming more threads will be scaled down.
Job stats:
job             count    min threads    max threads
------------  -------  -------------  -------------
all                 1              1              1
data_prepare       16              1              1
fit_model          16              1              1
total              33              1              1

Select jobs to execute...

[Thu Nov 10 10:31:30 2022]
Job 28: 
        Preparing adata
        wildcards: experiment=SELEX,gene_names=ELF4
        parameters: conda run -n multibind python ELF4 annotations ['100']
        output: /Users/egeerdogan/Desktop/theislab/multibind/output/snakemake/SELEX/ELF4/queries.tsv
        
Reason: Missing output files: /Users/egeerdogan/Desktop/theislab/multibind/output/snakemake/SELEX/ELF4/queries.tsv; Params have changed since last execution


[Thu Nov 10 10:31:31 2022]
Job 30: 
        Preparing adata
        wildcards: experiment=SELEX,gene_names=ETS1
        parameters: conda run -n multibind python ETS1 annotations ['100']
        output: /Users/egeerdogan/Desktop/theislab/multibind/output/snakemake/SELEX/ETS1/queries.tsv
        
Reason: Missing output files: /Users/egeerdogan/Desktop/theislab/multibind/output/snakemake/SELEX/ETS1/queries.tsv; Params have changed since last execution

[Thu Nov 10 10:31:34 2022]
Finished job 28.
1 of 33 steps (3%) done
Select jobs to execute...

[Thu Nov 10 10:31:34 2022]
Job 32: 
        Preparing adata
        wildcards: experiment=SELEX,gene_names=EGR1
        parameters: conda run -n multibind python EGR1 annotations ['100']
        output: /Users/egeerdogan/Desktop/theislab/multibind/output/snakemake/SELEX/EGR1/queries.tsv
        
Reason: Missing output files: /Users/egeerdogan/Desktop/theislab/multibind/output/snakemake/SELEX/EGR1/queries.tsv; Params have changed since last execution

[Thu Nov 10 10:31:59 2022]
Finished job 30.
2 of 33 steps (6%) done
Select jobs to execute...

[Thu Nov 10 10:31:59 2022]
Job 4: 
        Preparing adata
        wildcards: experiment=SELEX,gene_names=ELK3
        parameters: conda run -n multibind python ELK3 annotations ['100']
        output: /Users/egeerdogan/Desktop/theislab/multibind/output/snakemake/SELEX/ELK3/queries.tsv
        
Reason: Missing output files: /Users/egeerdogan/Desktop/theislab/multibind/output/snakemake/SELEX/ELK3/queries.tsv; Params have changed since last execution

[Thu Nov 10 10:32:03 2022]
Finished job 4.
3 of 33 steps (9%) done
Select jobs to execute...

[Thu Nov 10 10:32:03 2022]
Job 6: 
        Preparing adata
        wildcards: experiment=SELEX,gene_names=ETV5
        parameters: conda run -n multibind python ETV5 annotations ['100']
        output: /Users/egeerdogan/Desktop/theislab/multibind/output/snakemake/SELEX/ETV5/queries.tsv
        
Reason: Missing output files: /Users/egeerdogan/Desktop/theislab/multibind/output/snakemake/SELEX/ETV5/queries.tsv; Params have changed since last execution

[Thu Nov 10 10:32:06 2022]
Finished job 6.
4 of 33 steps (12%) done
Select jobs to execute...

[Thu Nov 10 10:32:06 2022]
Job 8: 
        Preparing adata
        wildcards: experiment=SELEX,gene_names=ALX4
        parameters: conda run -n multibind python ALX4 annotations ['100']
        output: /Users/egeerdogan/Desktop/theislab/multibind/output/snakemake/SELEX/ALX4/queries.tsv
        
Reason: Missing output files: /Users/egeerdogan/Desktop/theislab/multibind/output/snakemake/SELEX/ALX4/queries.tsv; Params have changed since last execution

[Thu Nov 10 10:32:16 2022]
Finished job 32.
5 of 33 steps (15%) done
Select jobs to execute...

[Thu Nov 10 10:32:16 2022]
Job 31: Merge all metrics
Reason: Missing output files: /Users/egeerdogan/Desktop/theislab/multibind/output/snakemake/SELEX/EGR1/metrics.tsv; Input files updated by another job: /Users/egeerdogan/Desktop/theislab/multibind/output/snakemake/SELEX/EGR1/queries.tsv

[Thu Nov 10 10:32:27 2022]
Finished job 8.
6 of 33 steps (18%) done
Select jobs to execute...

[Thu Nov 10 10:32:27 2022]
Job 10: 
        Preparing adata
        wildcards: experiment=SELEX,gene_names=ELF2
        parameters: conda run -n multibind python ELF2 annotations ['100']
        output: /Users/egeerdogan/Desktop/theislab/multibind/output/snakemake/SELEX/ELF2/queries.tsv
        
Reason: Missing output files: /Users/egeerdogan/Desktop/theislab/multibind/output/snakemake/SELEX/ELF2/queries.tsv; Params have changed since last execution

[Thu Nov 10 10:32:30 2022]
Finished job 10.
7 of 33 steps (21%) done
Select jobs to execute...

[Thu Nov 10 10:32:30 2022]
Job 12: 
        Preparing adata
        wildcards: experiment=SELEX,gene_names=ELF3
        parameters: conda run -n multibind python ELF3 annotations ['100']
        output: /Users/egeerdogan/Desktop/theislab/multibind/output/snakemake/SELEX/ELF3/queries.tsv
        
Reason: Missing output files: /Users/egeerdogan/Desktop/theislab/multibind/output/snakemake/SELEX/ELF3/queries.tsv; Params have changed since last execution

[Thu Nov 10 10:32:33 2022]
Finished job 12.
8 of 33 steps (24%) done
Select jobs to execute...

[Thu Nov 10 10:32:33 2022]
Job 14: 
        Preparing adata
        wildcards: experiment=SELEX,gene_names=GATA4
        parameters: conda run -n multibind python GATA4 annotations ['100']
        output: /Users/egeerdogan/Desktop/theislab/multibind/output/snakemake/SELEX/GATA4/queries.tsv
        
Reason: Missing output files: /Users/egeerdogan/Desktop/theislab/multibind/output/snakemake/SELEX/GATA4/queries.tsv; Params have changed since last execution

[Thu Nov 10 10:32:36 2022]
Finished job 14.
9 of 33 steps (27%) done
Select jobs to execute...

[Thu Nov 10 10:32:36 2022]
Job 16: 
        Preparing adata
        wildcards: experiment=SELEX,gene_names=TBX5
        parameters: conda run -n multibind python TBX5 annotations ['100']
        output: /Users/egeerdogan/Desktop/theislab/multibind/output/snakemake/SELEX/TBX5/queries.tsv
        
Reason: Missing output files: /Users/egeerdogan/Desktop/theislab/multibind/output/snakemake/SELEX/TBX5/queries.tsv; Params have changed since last execution

[Thu Nov 10 10:32:38 2022]
Finished job 16.
10 of 33 steps (30%) done
Select jobs to execute...

[Thu Nov 10 10:32:38 2022]
Job 18: 
        Preparing adata
        wildcards: experiment=SELEX,gene_names=ALX1
        parameters: conda run -n multibind python ALX1 annotations ['100']
        output: /Users/egeerdogan/Desktop/theislab/multibind/output/snakemake/SELEX/ALX1/queries.tsv
        
Reason: Missing output files: /Users/egeerdogan/Desktop/theislab/multibind/output/snakemake/SELEX/ALX1/queries.tsv; Params have changed since last execution

[Thu Nov 10 10:32:48 2022]
Finished job 18.
11 of 33 steps (33%) done
Select jobs to execute...

[Thu Nov 10 10:32:48 2022]
Job 2: 
        Preparing adata
        wildcards: experiment=SELEX,gene_names=FOXA1
        parameters: conda run -n multibind python FOXA1 annotations ['100']
        output: /Users/egeerdogan/Desktop/theislab/multibind/output/snakemake/SELEX/FOXA1/queries.tsv
        
Reason: Missing output files: /Users/egeerdogan/Desktop/theislab/multibind/output/snakemake/SELEX/FOXA1/queries.tsv; Params have changed since last execution

[Thu Nov 10 10:32:55 2022]
Finished job 31.
12 of 33 steps (36%) done
Select jobs to execute...

[Thu Nov 10 10:32:55 2022]
Job 20: 
        Preparing adata
        wildcards: experiment=SELEX,gene_names=ETV4
        parameters: conda run -n multibind python ETV4 annotations ['100']
        output: /Users/egeerdogan/Desktop/theislab/multibind/output/snakemake/SELEX/ETV4/queries.tsv
        
Reason: Missing output files: /Users/egeerdogan/Desktop/theislab/multibind/output/snakemake/SELEX/ETV4/queries.tsv; Params have changed since last execution

[Thu Nov 10 10:32:58 2022]
Finished job 20.
13 of 33 steps (39%) done
Select jobs to execute...

[Thu Nov 10 10:32:58 2022]
Job 22: 
        Preparing adata
        wildcards: experiment=SELEX,gene_names=ETV6
        parameters: conda run -n multibind python ETV6 annotations ['100']
        output: /Users/egeerdogan/Desktop/theislab/multibind/output/snakemake/SELEX/ETV6/queries.tsv
        
Reason: Missing output files: /Users/egeerdogan/Desktop/theislab/multibind/output/snakemake/SELEX/ETV6/queries.tsv; Params have changed since last execution

[Thu Nov 10 10:33:01 2022]
Finished job 22.
14 of 33 steps (42%) done
Select jobs to execute...

[Thu Nov 10 10:33:01 2022]
Job 24: 
        Preparing adata
        wildcards: experiment=SELEX,gene_names=ELK1
        parameters: conda run -n multibind python ELK1 annotations ['100']
        output: /Users/egeerdogan/Desktop/theislab/multibind/output/snakemake/SELEX/ELK1/queries.tsv
        
Reason: Missing output files: /Users/egeerdogan/Desktop/theislab/multibind/output/snakemake/SELEX/ELK1/queries.tsv; Params have changed since last execution

[Thu Nov 10 10:33:04 2022]
Finished job 24.
15 of 33 steps (45%) done
Select jobs to execute...

[Thu Nov 10 10:33:04 2022]
Job 26: 
        Preparing adata
        wildcards: experiment=SELEX,gene_names=CTCF
        parameters: conda run -n multibind python CTCF annotations ['100']
        output: /Users/egeerdogan/Desktop/theislab/multibind/output/snakemake/SELEX/CTCF/queries.tsv
        
Reason: Missing output files: /Users/egeerdogan/Desktop/theislab/multibind/output/snakemake/SELEX/CTCF/queries.tsv; Params have changed since last execution

[Thu Nov 10 10:33:07 2022]
Finished job 26.
16 of 33 steps (48%) done
Select jobs to execute...

[Thu Nov 10 10:33:07 2022]
Job 29: Merge all metrics
Reason: Missing output files: /Users/egeerdogan/Desktop/theislab/multibind/output/snakemake/SELEX/ETS1/metrics.tsv; Input files updated by another job: /Users/egeerdogan/Desktop/theislab/multibind/output/snakemake/SELEX/ETS1/queries.tsv

[Thu Nov 10 10:33:11 2022]
Finished job 2.
17 of 33 steps (52%) done
Select jobs to execute...

[Thu Nov 10 10:33:11 2022]
Job 1: Merge all metrics
Reason: Missing output files: /Users/egeerdogan/Desktop/theislab/multibind/output/snakemake/SELEX/FOXA1/metrics.tsv; Input files updated by another job: /Users/egeerdogan/Desktop/theislab/multibind/output/snakemake/SELEX/FOXA1/queries.tsv

[Thu Nov 10 10:33:29 2022]
Finished job 29.
18 of 33 steps (55%) done
Select jobs to execute...

[Thu Nov 10 10:33:29 2022]
Job 7: Merge all metrics
Reason: Missing output files: /Users/egeerdogan/Desktop/theislab/multibind/output/snakemake/SELEX/ALX4/metrics.tsv; Input files updated by another job: /Users/egeerdogan/Desktop/theislab/multibind/output/snakemake/SELEX/ALX4/queries.tsv

[Thu Nov 10 10:33:33 2022]
Finished job 1.
19 of 33 steps (58%) done
Select jobs to execute...

[Thu Nov 10 10:33:33 2022]
Job 17: Merge all metrics
Reason: Missing output files: /Users/egeerdogan/Desktop/theislab/multibind/output/snakemake/SELEX/ALX1/metrics.tsv; Input files updated by another job: /Users/egeerdogan/Desktop/theislab/multibind/output/snakemake/SELEX/ALX1/queries.tsv

[Thu Nov 10 10:33:45 2022]
Finished job 17.
20 of 33 steps (61%) done
Select jobs to execute...

[Thu Nov 10 10:33:45 2022]
Job 11: Merge all metrics
Reason: Missing output files: /Users/egeerdogan/Desktop/theislab/multibind/output/snakemake/SELEX/ELF3/metrics.tsv; Input files updated by another job: /Users/egeerdogan/Desktop/theislab/multibind/output/snakemake/SELEX/ELF3/queries.tsv

[Thu Nov 10 10:33:48 2022]
Finished job 11.
21 of 33 steps (64%) done
Select jobs to execute...

[Thu Nov 10 10:33:48 2022]
Job 13: Merge all metrics
Reason: Missing output files: /Users/egeerdogan/Desktop/theislab/multibind/output/snakemake/SELEX/GATA4/metrics.tsv; Input files updated by another job: /Users/egeerdogan/Desktop/theislab/multibind/output/snakemake/SELEX/GATA4/queries.tsv

[Thu Nov 10 10:33:50 2022]
Finished job 7.
22 of 33 steps (67%) done
Select jobs to execute...

[Thu Nov 10 10:33:50 2022]
Job 15: Merge all metrics
Reason: Missing output files: /Users/egeerdogan/Desktop/theislab/multibind/output/snakemake/SELEX/TBX5/metrics.tsv; Input files updated by another job: /Users/egeerdogan/Desktop/theislab/multibind/output/snakemake/SELEX/TBX5/queries.tsv

[Thu Nov 10 10:33:51 2022]
Finished job 13.
23 of 33 steps (70%) done
Select jobs to execute...

[Thu Nov 10 10:33:51 2022]
Job 3: Merge all metrics
Reason: Missing output files: /Users/egeerdogan/Desktop/theislab/multibind/output/snakemake/SELEX/ELK3/metrics.tsv; Input files updated by another job: /Users/egeerdogan/Desktop/theislab/multibind/output/snakemake/SELEX/ELK3/queries.tsv

[Thu Nov 10 10:33:54 2022]
Finished job 15.
24 of 33 steps (73%) done
Select jobs to execute...

[Thu Nov 10 10:33:54 2022]
Job 19: Merge all metrics
Reason: Missing output files: /Users/egeerdogan/Desktop/theislab/multibind/output/snakemake/SELEX/ETV4/metrics.tsv; Input files updated by another job: /Users/egeerdogan/Desktop/theislab/multibind/output/snakemake/SELEX/ETV4/queries.tsv

[Thu Nov 10 10:33:55 2022]
Finished job 3.
25 of 33 steps (76%) done
Select jobs to execute...

[Thu Nov 10 10:33:55 2022]
Job 21: Merge all metrics
Reason: Missing output files: /Users/egeerdogan/Desktop/theislab/multibind/output/snakemake/SELEX/ETV6/metrics.tsv; Input files updated by another job: /Users/egeerdogan/Desktop/theislab/multibind/output/snakemake/SELEX/ETV6/queries.tsv

[Thu Nov 10 10:33:58 2022]
Finished job 19.
26 of 33 steps (79%) done
Select jobs to execute...

[Thu Nov 10 10:33:58 2022]
Job 23: Merge all metrics
Reason: Missing output files: /Users/egeerdogan/Desktop/theislab/multibind/output/snakemake/SELEX/ELK1/metrics.tsv; Input files updated by another job: /Users/egeerdogan/Desktop/theislab/multibind/output/snakemake/SELEX/ELK1/queries.tsv

[Thu Nov 10 10:33:59 2022]
Finished job 21.
27 of 33 steps (82%) done
Select jobs to execute...

[Thu Nov 10 10:33:59 2022]
Job 27: Merge all metrics
Reason: Missing output files: /Users/egeerdogan/Desktop/theislab/multibind/output/snakemake/SELEX/ELF4/metrics.tsv; Input files updated by another job: /Users/egeerdogan/Desktop/theislab/multibind/output/snakemake/SELEX/ELF4/queries.tsv

[Thu Nov 10 10:34:01 2022]
Finished job 23.
28 of 33 steps (85%) done
Select jobs to execute...

[Thu Nov 10 10:34:01 2022]
Job 5: Merge all metrics
Reason: Missing output files: /Users/egeerdogan/Desktop/theislab/multibind/output/snakemake/SELEX/ETV5/metrics.tsv; Input files updated by another job: /Users/egeerdogan/Desktop/theislab/multibind/output/snakemake/SELEX/ETV5/queries.tsv

[Thu Nov 10 10:34:02 2022]
Finished job 27.
29 of 33 steps (88%) done
Select jobs to execute...

[Thu Nov 10 10:34:02 2022]
Job 9: Merge all metrics
Reason: Missing output files: /Users/egeerdogan/Desktop/theislab/multibind/output/snakemake/SELEX/ELF2/metrics.tsv; Input files updated by another job: /Users/egeerdogan/Desktop/theislab/multibind/output/snakemake/SELEX/ELF2/queries.tsv

[Thu Nov 10 10:34:05 2022]
Finished job 5.
30 of 33 steps (91%) done
Select jobs to execute...

[Thu Nov 10 10:34:05 2022]
Job 25: Merge all metrics
Reason: Missing output files: /Users/egeerdogan/Desktop/theislab/multibind/output/snakemake/SELEX/CTCF/metrics.tsv; Input files updated by another job: /Users/egeerdogan/Desktop/theislab/multibind/output/snakemake/SELEX/CTCF/queries.tsv

[Thu Nov 10 10:34:05 2022]
Finished job 9.
31 of 33 steps (94%) done
[Thu Nov 10 10:34:07 2022]
Finished job 25.
32 of 33 steps (97%) done
Select jobs to execute...

[Thu Nov 10 10:34:07 2022]
rule all:
    input: /Users/egeerdogan/Desktop/theislab/multibind/output/snakemake/SELEX/FOXA1/metrics.tsv, /Users/egeerdogan/Desktop/theislab/multibind/output/snakemake/SELEX/ELK3/metrics.tsv, /Users/egeerdogan/Desktop/theislab/multibind/output/snakemake/SELEX/ETV5/metrics.tsv, /Users/egeerdogan/Desktop/theislab/multibind/output/snakemake/SELEX/ALX4/metrics.tsv, /Users/egeerdogan/Desktop/theislab/multibind/output/snakemake/SELEX/ELF2/metrics.tsv, /Users/egeerdogan/Desktop/theislab/multibind/output/snakemake/SELEX/ELF3/metrics.tsv, /Users/egeerdogan/Desktop/theislab/multibind/output/snakemake/SELEX/GATA4/metrics.tsv, /Users/egeerdogan/Desktop/theislab/multibind/output/snakemake/SELEX/TBX5/metrics.tsv, /Users/egeerdogan/Desktop/theislab/multibind/output/snakemake/SELEX/ALX1/metrics.tsv, /Users/egeerdogan/Desktop/theislab/multibind/output/snakemake/SELEX/ETV4/metrics.tsv, /Users/egeerdogan/Desktop/theislab/multibind/output/snakemake/SELEX/ETV6/metrics.tsv, /Users/egeerdogan/Desktop/theislab/multibind/output/snakemake/SELEX/ELK1/metrics.tsv, /Users/egeerdogan/Desktop/theislab/multibind/output/snakemake/SELEX/CTCF/metrics.tsv, /Users/egeerdogan/Desktop/theislab/multibind/output/snakemake/SELEX/ELF4/metrics.tsv, /Users/egeerdogan/Desktop/theislab/multibind/output/snakemake/SELEX/ETS1/metrics.tsv, /Users/egeerdogan/Desktop/theislab/multibind/output/snakemake/SELEX/EGR1/metrics.tsv, scripts/merge_metrics.py
    output: /Users/egeerdogan/Desktop/theislab/multibind/output/snakemake/results.tsv.gz
    jobid: 0
    reason: Input files updated by another job: /Users/egeerdogan/Desktop/theislab/multibind/output/snakemake/SELEX/ELF3/metrics.tsv, /Users/egeerdogan/Desktop/theislab/multibind/output/snakemake/SELEX/ELK1/metrics.tsv, /Users/egeerdogan/Desktop/theislab/multibind/output/snakemake/SELEX/CTCF/metrics.tsv, /Users/egeerdogan/Desktop/theislab/multibind/output/snakemake/SELEX/ETV6/metrics.tsv, /Users/egeerdogan/Desktop/theislab/multibind/output/snakemake/SELEX/ELK3/metrics.tsv, /Users/egeerdogan/Desktop/theislab/multibind/output/snakemake/SELEX/ETV4/metrics.tsv, /Users/egeerdogan/Desktop/theislab/multibind/output/snakemake/SELEX/FOXA1/metrics.tsv, /Users/egeerdogan/Desktop/theislab/multibind/output/snakemake/SELEX/GATA4/metrics.tsv, /Users/egeerdogan/Desktop/theislab/multibind/output/snakemake/SELEX/ELF4/metrics.tsv, /Users/egeerdogan/Desktop/theislab/multibind/output/snakemake/SELEX/ALX1/metrics.tsv, /Users/egeerdogan/Desktop/theislab/multibind/output/snakemake/SELEX/TBX5/metrics.tsv, /Users/egeerdogan/Desktop/theislab/multibind/output/snakemake/SELEX/ETS1/metrics.tsv, /Users/egeerdogan/Desktop/theislab/multibind/output/snakemake/SELEX/ELF2/metrics.tsv, /Users/egeerdogan/Desktop/theislab/multibind/output/snakemake/SELEX/EGR1/metrics.tsv, /Users/egeerdogan/Desktop/theislab/multibind/output/snakemake/SELEX/ALX4/metrics.tsv, /Users/egeerdogan/Desktop/theislab/multibind/output/snakemake/SELEX/ETV5/metrics.tsv
    resources: tmpdir=/var/folders/17/ksjp4vcn2gs552rnysdxktrc0000gn/T

[Thu Nov 10 10:34:10 2022]
Finished job 0.
33 of 33 steps (100%) done
Complete log: .snakemake/log/2022-11-10T103130.599325.snakemake.log
